Arguments: 
  C:\Program Files\nodejs\node.exe C:\Users\Designer\AppData\Roaming\npm\node_modules\yarn\bin\yarn.js add react-particles-js

PATH: 
  C:\Windows\system32;C:\Windows;C:\Windows\System32\Wbem;C:\Windows\System32\WindowsPowerShell\v1.0\;C:\Windows\System32\OpenSSH\;C:\Program Files\nodejs\;C:\Program Files\Git\cmd;C:\Users\Designer\AppData\Local\Microsoft\WindowsApps;C:\Users\Designer\AppData\Local\Programs\Microsoft VS Code\bin;C:\Users\Designer\AppData\Roaming\npm;C:\Users\Designer\AppData\Local\GitHubDesktop\bin

Yarn version: 
  1.22.18

Node version: 
  16.14.0

Platform: 
  win32 x64

Trace: 
  Error: EPERM: operation not permitted, unlink 'C:\Users\Designer\Documents\Programação\Projects\Portifolio-Avamcado\node_modules\esbuild-windows-64\esbuild.exe'

npm manifest: 
  {
    "name": "portifolio",
    "private": true,
    "version": "0.0.0",
    "scripts": {
      "dev": "vite",
      "build": "tsc && vite build",
      "preview": "vite preview"
    },
    "dependencies": {
      "@testing-library/jest-dom": "^5.16.4",
      "@testing-library/react": "^13.3.0",
      "@testing-library/user-event": "^14.2.1",
      "axios": "^0.27.2",
      "click": "^0.1.0",
      "framer-motion": "^6.3.16",
      "node-sass": "^7.0.1",
      "phosphor": "^0.7.1",
      "phosphor-react": "^1.4.1",
      "react": "^18.0.0",
      "react-dom": "^18.0.0",
      "react-router-dom": "^6.3.0",
      "react-scripts": "^5.0.1",
      "Router": "^2.1.0",
      "sass": "^1.53.0",
      "scss": "^0.2.4",
      "start": "^5.1.0",
      "styled-components": "^5.3.5",
      "tsparticles": "^2.1.3",
      "web-vitals": "^2.1.4"
    },
    "devDependencies": {
      "@types/react": "^18.0.0",
      "@types/react-dom": "^18.0.0",
      "@types/styled-components": "^5.1.25",
      "@vitejs/plugin-react": "^1.3.0",
      "typescript": "^4.6.3",
      "vite": "^2.9.9"
    },
    "eslintConfig": {
      "extends": [
        "react-app",
        "react-app/jest"
      ]
    },
    "browserslist": {
      "production": [
        ">0.2%",
        "not dead",
        "not op_mini all"
      ],
      "development": [
        "last 1 chrome version",
        "last 1 firefox version",
        "last 1 safari version"
      ]
    }
  }

yarn manifest: 
  No manifest

Lockfile: 
  No lockfile
